ERROR - 2024-02-13 00:53:50 --> mysqli_sql_exception: Unknown column 'id' in 'order clause' in C:\xampp\htdocs\ci4\system\Database\MySQLi\Connection.php:306
Stack trace:
#0 C:\xampp\htdocs\ci4\system\Database\MySQLi\Connection.php(306): mysqli->query('SELECT *\nFROM `...', 0)
#1 C:\xampp\htdocs\ci4\system\Database\BaseConnection.php(693): CodeIgniter\Database\MySQLi\Connection->execute('SELECT *\nFROM `...')
#2 C:\xampp\htdocs\ci4\system\Database\BaseConnection.php(607): CodeIgniter\Database\BaseConnection->simpleQuery('SELECT *\nFROM `...')
#3 C:\xampp\htdocs\ci4\system\Database\BaseBuilder.php(1616): CodeIgniter\Database\BaseConnection->query('SELECT *\nFROM `...', Array, false)
#4 C:\xampp\htdocs\ci4\system\Model.php(242): CodeIgniter\Database\BaseBuilder->get()
#5 C:\xampp\htdocs\ci4\system\BaseModel.php(638): CodeIgniter\Model->doFindAll(0, 0)
#6 C:\xampp\htdocs\ci4\app\Controllers\student.php(15): CodeIgniter\BaseModel->findAll()
#7 C:\xampp\htdocs\ci4\system\CodeIgniter.php(941): App\Controllers\Student->index()
#8 C:\xampp\htdocs\ci4\system\CodeIgniter.php(502): CodeIgniter\CodeIgniter->runController(Object(App\Controllers\Student))
#9 C:\xampp\htdocs\ci4\system\CodeIgniter.php(361): CodeIgniter\CodeIgniter->handleRequest(NULL, Object(Config\Cache), false)
#10 C:\xampp\htdocs\ci4\public\index.php(79): CodeIgniter\CodeIgniter->run()
#11 C:\xampp\htdocs\ci4\system\Commands\Server\rewrite.php(47): require_once('C:\\xampp\\htdocs...')
#12 {main}
CRITICAL - 2024-02-13 00:53:50 --> Error: Call to a member function getResult() on bool
in SYSTEMPATH\Model.php on line 243.
 1 SYSTEMPATH\BaseModel.php(638): CodeIgniter\Model->doFindAll(0, 0)
 2 APPPATH\Controllers\student.php(15): CodeIgniter\BaseModel->findAll()
 3 SYSTEMPATH\CodeIgniter.php(941): App\Controllers\Student->index()
 4 SYSTEMPATH\CodeIgniter.php(502): CodeIgniter\CodeIgniter->runController(Object(App\Controllers\Student))
 5 SYSTEMPATH\CodeIgniter.php(361): CodeIgniter\CodeIgniter->handleRequest(null, Object(Config\Cache), false)
 6 FCPATH\index.php(79): CodeIgniter\CodeIgniter->run()
 7 SYSTEMPATH\Commands\Server\rewrite.php(47): require_once('C:\\xampp\\htdocs\\ci4\\public\\index.php')
CRITICAL - 2024-02-13 01:06:07 --> ErrorException: Cannot declare class App\Controllers\Student, because the name is already in use
in APPPATH\Controllers\student.php on line 94.
 1 [internal function]: CodeIgniter\Debug\Exceptions->shutdownHandler()
CRITICAL - 2024-02-13 01:08:36 --> ParseError: syntax error, unexpected token "public", expecting end of file
in APPPATH\Controllers\student.php on line 94.
 1 SYSTEMPATH\Autoloader\Autoloader.php(288): CodeIgniter\Autoloader\Autoloader->includeFile('C:\\xampp\\htdocs\\ci4\\app\\Controllers\\Student.php')
 2 SYSTEMPATH\Autoloader\Autoloader.php(266): CodeIgniter\Autoloader\Autoloader->loadInNamespace('App\\Controllers\\Student')
 3 [internal function]: CodeIgniter\Autoloader\Autoloader->loadClass('App\\Controllers\\Student')
 4 SYSTEMPATH\CodeIgniter.php(899): class_exists('\\App\\Controllers\\Student', true)
 5 SYSTEMPATH\CodeIgniter.php(489): CodeIgniter\CodeIgniter->startController()
 6 SYSTEMPATH\CodeIgniter.php(361): CodeIgniter\CodeIgniter->handleRequest(null, Object(Config\Cache), false)
 7 FCPATH\index.php(79): CodeIgniter\CodeIgniter->run()
 8 SYSTEMPATH\Commands\Server\rewrite.php(47): require_once('C:\\xampp\\htdocs\\ci4\\public\\index.php')
CRITICAL - 2024-02-13 01:18:05 --> ParseError: syntax error, unexpected token "}", expecting ";" or "{"
in APPPATH\Controllers\student.php on line 94.
 1 SYSTEMPATH\Autoloader\Autoloader.php(288): CodeIgniter\Autoloader\Autoloader->includeFile('C:\\xampp\\htdocs\\ci4\\app\\Controllers\\Student.php')
 2 SYSTEMPATH\Autoloader\Autoloader.php(266): CodeIgniter\Autoloader\Autoloader->loadInNamespace('App\\Controllers\\Student')
 3 [internal function]: CodeIgniter\Autoloader\Autoloader->loadClass('App\\Controllers\\Student')
 4 SYSTEMPATH\CodeIgniter.php(899): class_exists('\\App\\Controllers\\Student', true)
 5 SYSTEMPATH\CodeIgniter.php(489): CodeIgniter\CodeIgniter->startController()
 6 SYSTEMPATH\CodeIgniter.php(361): CodeIgniter\CodeIgniter->handleRequest(null, Object(Config\Cache), false)
 7 FCPATH\index.php(79): CodeIgniter\CodeIgniter->run()
 8 SYSTEMPATH\Commands\Server\rewrite.php(47): require_once('C:\\xampp\\htdocs\\ci4\\public\\index.php')
CRITICAL - 2024-02-13 01:28:24 --> Error: Cannot call constructor
in APPPATH\Controllers\student.php on line 94.
 1 SYSTEMPATH\CodeIgniter.php(913): App\Controllers\Student->__construct()
 2 SYSTEMPATH\CodeIgniter.php(493): CodeIgniter\CodeIgniter->createController()
 3 SYSTEMPATH\CodeIgniter.php(361): CodeIgniter\CodeIgniter->handleRequest(null, Object(Config\Cache), false)
 4 FCPATH\index.php(79): CodeIgniter\CodeIgniter->run()
 5 SYSTEMPATH\Commands\Server\rewrite.php(47): require_once('C:\\xampp\\htdocs\\ci4\\public\\index.php')
CRITICAL - 2024-02-13 01:28:35 --> Error: Cannot call constructor
in APPPATH\Controllers\student.php on line 94.
 1 SYSTEMPATH\CodeIgniter.php(913): App\Controllers\Student->__construct()
 2 SYSTEMPATH\CodeIgniter.php(493): CodeIgniter\CodeIgniter->createController()
 3 SYSTEMPATH\CodeIgniter.php(361): CodeIgniter\CodeIgniter->handleRequest(null, Object(Config\Cache), false)
 4 FCPATH\index.php(79): CodeIgniter\CodeIgniter->run()
 5 SYSTEMPATH\Commands\Server\rewrite.php(47): require_once('C:\\xampp\\htdocs\\ci4\\public\\index.php')
CRITICAL - 2024-02-13 01:28:35 --> Error: Cannot call constructor
in APPPATH\Controllers\student.php on line 94.
 1 SYSTEMPATH\CodeIgniter.php(913): App\Controllers\Student->__construct()
 2 SYSTEMPATH\CodeIgniter.php(493): CodeIgniter\CodeIgniter->createController()
 3 SYSTEMPATH\CodeIgniter.php(361): CodeIgniter\CodeIgniter->handleRequest(null, Object(Config\Cache), false)
 4 FCPATH\index.php(79): CodeIgniter\CodeIgniter->run()
 5 SYSTEMPATH\Commands\Server\rewrite.php(47): require_once('C:\\xampp\\htdocs\\ci4\\public\\index.php')
CRITICAL - 2024-02-13 01:28:38 --> Error: Cannot call constructor
in APPPATH\Controllers\student.php on line 94.
 1 SYSTEMPATH\CodeIgniter.php(913): App\Controllers\Student->__construct()
 2 SYSTEMPATH\CodeIgniter.php(493): CodeIgniter\CodeIgniter->createController()
 3 SYSTEMPATH\CodeIgniter.php(361): CodeIgniter\CodeIgniter->handleRequest(null, Object(Config\Cache), false)
 4 FCPATH\index.php(79): CodeIgniter\CodeIgniter->run()
 5 SYSTEMPATH\Commands\Server\rewrite.php(47): require_once('C:\\xampp\\htdocs\\ci4\\public\\index.php')
CRITICAL - 2024-02-13 01:28:56 --> Error: Cannot call constructor
in APPPATH\Controllers\student.php on line 94.
 1 SYSTEMPATH\CodeIgniter.php(913): App\Controllers\Student->__construct()
 2 SYSTEMPATH\CodeIgniter.php(493): CodeIgniter\CodeIgniter->createController()
 3 SYSTEMPATH\CodeIgniter.php(361): CodeIgniter\CodeIgniter->handleRequest(null, Object(Config\Cache), false)
 4 FCPATH\index.php(79): CodeIgniter\CodeIgniter->run()
 5 SYSTEMPATH\Commands\Server\rewrite.php(47): require_once('C:\\xampp\\htdocs\\ci4\\public\\index.php')
CRITICAL - 2024-02-13 01:29:13 --> Error: Cannot call constructor
in APPPATH\Controllers\student.php on line 94.
 1 SYSTEMPATH\CodeIgniter.php(913): App\Controllers\Student->__construct()
 2 SYSTEMPATH\CodeIgniter.php(493): CodeIgniter\CodeIgniter->createController()
 3 SYSTEMPATH\CodeIgniter.php(361): CodeIgniter\CodeIgniter->handleRequest(null, Object(Config\Cache), false)
 4 FCPATH\index.php(79): CodeIgniter\CodeIgniter->run()
 5 SYSTEMPATH\Commands\Server\rewrite.php(47): require_once('C:\\xampp\\htdocs\\ci4\\public\\index.php')
CRITICAL - 2024-02-13 01:29:14 --> Error: Cannot call constructor
in APPPATH\Controllers\student.php on line 94.
 1 SYSTEMPATH\CodeIgniter.php(913): App\Controllers\Student->__construct()
 2 SYSTEMPATH\CodeIgniter.php(493): CodeIgniter\CodeIgniter->createController()
 3 SYSTEMPATH\CodeIgniter.php(361): CodeIgniter\CodeIgniter->handleRequest(null, Object(Config\Cache), false)
 4 FCPATH\index.php(79): CodeIgniter\CodeIgniter->run()
 5 SYSTEMPATH\Commands\Server\rewrite.php(47): require_once('C:\\xampp\\htdocs\\ci4\\public\\index.php')
CRITICAL - 2024-02-13 01:29:18 --> Error: Cannot call constructor
in APPPATH\Controllers\student.php on line 94.
 1 SYSTEMPATH\CodeIgniter.php(913): App\Controllers\Student->__construct()
 2 SYSTEMPATH\CodeIgniter.php(493): CodeIgniter\CodeIgniter->createController()
 3 SYSTEMPATH\CodeIgniter.php(361): CodeIgniter\CodeIgniter->handleRequest(null, Object(Config\Cache), false)
 4 FCPATH\index.php(79): CodeIgniter\CodeIgniter->run()
 5 SYSTEMPATH\Commands\Server\rewrite.php(47): require_once('C:\\xampp\\htdocs\\ci4\\public\\index.php')
CRITICAL - 2024-02-13 01:52:42 --> BadMethodCallException: Call to undefined method App\Models\StudentModel::getStudentGrades
in SYSTEMPATH\Model.php on line 874.
 1 APPPATH\Controllers\student.php(24): CodeIgniter\Model->__call('getStudentGrades', [...])
 2 SYSTEMPATH\CodeIgniter.php(941): App\Controllers\Student->getStudentGrades()
 3 SYSTEMPATH\CodeIgniter.php(502): CodeIgniter\CodeIgniter->runController(Object(App\Controllers\Student))
 4 SYSTEMPATH\CodeIgniter.php(361): CodeIgniter\CodeIgniter->handleRequest(null, Object(Config\Cache), false)
 5 FCPATH\index.php(79): CodeIgniter\CodeIgniter->run()
 6 SYSTEMPATH\Commands\Server\rewrite.php(47): require_once('C:\\xampp\\htdocs\\ci4\\public\\index.php')
CRITICAL - 2024-02-13 01:58:00 --> BadMethodCallException: Call to undefined method App\Models\StudentModel::getStudentGrades
in SYSTEMPATH\Model.php on line 874.
 1 APPPATH\Controllers\student.php(24): CodeIgniter\Model->__call('getStudentGrades', [...])
 2 SYSTEMPATH\CodeIgniter.php(941): App\Controllers\Student->getStudentGrades()
 3 SYSTEMPATH\CodeIgniter.php(502): CodeIgniter\CodeIgniter->runController(Object(App\Controllers\Student))
 4 SYSTEMPATH\CodeIgniter.php(361): CodeIgniter\CodeIgniter->handleRequest(null, Object(Config\Cache), false)
 5 FCPATH\index.php(79): CodeIgniter\CodeIgniter->run()
 6 SYSTEMPATH\Commands\Server\rewrite.php(47): require_once('C:\\xampp\\htdocs\\ci4\\public\\index.php')
CRITICAL - 2024-02-13 01:58:01 --> BadMethodCallException: Call to undefined method App\Models\StudentModel::getStudentGrades
in SYSTEMPATH\Model.php on line 874.
 1 APPPATH\Controllers\student.php(24): CodeIgniter\Model->__call('getStudentGrades', [...])
 2 SYSTEMPATH\CodeIgniter.php(941): App\Controllers\Student->getStudentGrades()
 3 SYSTEMPATH\CodeIgniter.php(502): CodeIgniter\CodeIgniter->runController(Object(App\Controllers\Student))
 4 SYSTEMPATH\CodeIgniter.php(361): CodeIgniter\CodeIgniter->handleRequest(null, Object(Config\Cache), false)
 5 FCPATH\index.php(79): CodeIgniter\CodeIgniter->run()
 6 SYSTEMPATH\Commands\Server\rewrite.php(47): require_once('C:\\xampp\\htdocs\\ci4\\public\\index.php')
CRITICAL - 2024-02-13 01:58:05 --> BadMethodCallException: Call to undefined method App\Models\StudentModel::getStudentGrades
in SYSTEMPATH\Model.php on line 874.
 1 APPPATH\Controllers\student.php(24): CodeIgniter\Model->__call('getStudentGrades', [...])
 2 SYSTEMPATH\CodeIgniter.php(941): App\Controllers\Student->getStudentGrades()
 3 SYSTEMPATH\CodeIgniter.php(502): CodeIgniter\CodeIgniter->runController(Object(App\Controllers\Student))
 4 SYSTEMPATH\CodeIgniter.php(361): CodeIgniter\CodeIgniter->handleRequest(null, Object(Config\Cache), false)
 5 FCPATH\index.php(79): CodeIgniter\CodeIgniter->run()
 6 SYSTEMPATH\Commands\Server\rewrite.php(47): require_once('C:\\xampp\\htdocs\\ci4\\public\\index.php')
CRITICAL - 2024-02-13 01:58:07 --> BadMethodCallException: Call to undefined method App\Models\StudentModel::getStudentGrades
in SYSTEMPATH\Model.php on line 874.
 1 APPPATH\Controllers\student.php(24): CodeIgniter\Model->__call('getStudentGrades', [...])
 2 SYSTEMPATH\CodeIgniter.php(941): App\Controllers\Student->getStudentGrades()
 3 SYSTEMPATH\CodeIgniter.php(502): CodeIgniter\CodeIgniter->runController(Object(App\Controllers\Student))
 4 SYSTEMPATH\CodeIgniter.php(361): CodeIgniter\CodeIgniter->handleRequest(null, Object(Config\Cache), false)
 5 FCPATH\index.php(79): CodeIgniter\CodeIgniter->run()
 6 SYSTEMPATH\Commands\Server\rewrite.php(47): require_once('C:\\xampp\\htdocs\\ci4\\public\\index.php')
CRITICAL - 2024-02-13 02:02:19 --> Error: Call to undefined method CodeIgniter\Database\MySQLi\Connection::where()
in APPPATH\Models\studentmodel.php on line 33.
 1 APPPATH\Controllers\student.php(24): App\Models\StudentModel->getStudentGrades(null)
 2 SYSTEMPATH\CodeIgniter.php(941): App\Controllers\Student->getStudentGrades()
 3 SYSTEMPATH\CodeIgniter.php(502): CodeIgniter\CodeIgniter->runController(Object(App\Controllers\Student))
 4 SYSTEMPATH\CodeIgniter.php(361): CodeIgniter\CodeIgniter->handleRequest(null, Object(Config\Cache), false)
 5 FCPATH\index.php(79): CodeIgniter\CodeIgniter->run()
 6 SYSTEMPATH\Commands\Server\rewrite.php(47): require_once('C:\\xampp\\htdocs\\ci4\\public\\index.php')
CRITICAL - 2024-02-13 02:02:20 --> Error: Call to undefined method CodeIgniter\Database\MySQLi\Connection::where()
in APPPATH\Models\studentmodel.php on line 33.
 1 APPPATH\Controllers\student.php(24): App\Models\StudentModel->getStudentGrades(null)
 2 SYSTEMPATH\CodeIgniter.php(941): App\Controllers\Student->getStudentGrades()
 3 SYSTEMPATH\CodeIgniter.php(502): CodeIgniter\CodeIgniter->runController(Object(App\Controllers\Student))
 4 SYSTEMPATH\CodeIgniter.php(361): CodeIgniter\CodeIgniter->handleRequest(null, Object(Config\Cache), false)
 5 FCPATH\index.php(79): CodeIgniter\CodeIgniter->run()
 6 SYSTEMPATH\Commands\Server\rewrite.php(47): require_once('C:\\xampp\\htdocs\\ci4\\public\\index.php')
CRITICAL - 2024-02-13 02:02:20 --> Error: Call to undefined method CodeIgniter\Database\MySQLi\Connection::where()
in APPPATH\Models\studentmodel.php on line 33.
 1 APPPATH\Controllers\student.php(24): App\Models\StudentModel->getStudentGrades(null)
 2 SYSTEMPATH\CodeIgniter.php(941): App\Controllers\Student->getStudentGrades()
 3 SYSTEMPATH\CodeIgniter.php(502): CodeIgniter\CodeIgniter->runController(Object(App\Controllers\Student))
 4 SYSTEMPATH\CodeIgniter.php(361): CodeIgniter\CodeIgniter->handleRequest(null, Object(Config\Cache), false)
 5 FCPATH\index.php(79): CodeIgniter\CodeIgniter->run()
 6 SYSTEMPATH\Commands\Server\rewrite.php(47): require_once('C:\\xampp\\htdocs\\ci4\\public\\index.php')
CRITICAL - 2024-02-13 02:02:20 --> Error: Call to undefined method CodeIgniter\Database\MySQLi\Connection::where()
in APPPATH\Models\studentmodel.php on line 33.
 1 APPPATH\Controllers\student.php(24): App\Models\StudentModel->getStudentGrades(null)
 2 SYSTEMPATH\CodeIgniter.php(941): App\Controllers\Student->getStudentGrades()
 3 SYSTEMPATH\CodeIgniter.php(502): CodeIgniter\CodeIgniter->runController(Object(App\Controllers\Student))
 4 SYSTEMPATH\CodeIgniter.php(361): CodeIgniter\CodeIgniter->handleRequest(null, Object(Config\Cache), false)
 5 FCPATH\index.php(79): CodeIgniter\CodeIgniter->run()
 6 SYSTEMPATH\Commands\Server\rewrite.php(47): require_once('C:\\xampp\\htdocs\\ci4\\public\\index.php')
CRITICAL - 2024-02-13 02:12:18 --> Error: Call to undefined method CodeIgniter\Database\MySQLi\Connection::where()
in APPPATH\Models\studentmodel.php on line 33.
 1 APPPATH\Controllers\student.php(24): App\Models\StudentModel->getStudentGrades(null)
 2 SYSTEMPATH\CodeIgniter.php(941): App\Controllers\Student->getStudentGrades()
 3 SYSTEMPATH\CodeIgniter.php(502): CodeIgniter\CodeIgniter->runController(Object(App\Controllers\Student))
 4 SYSTEMPATH\CodeIgniter.php(361): CodeIgniter\CodeIgniter->handleRequest(null, Object(Config\Cache), false)
 5 FCPATH\index.php(79): CodeIgniter\CodeIgniter->run()
 6 SYSTEMPATH\Commands\Server\rewrite.php(47): require_once('C:\\xampp\\htdocs\\ci4\\public\\index.php')
CRITICAL - 2024-02-13 02:12:52 --> Error: Call to undefined method CodeIgniter\Database\MySQLi\Connection::where()
in APPPATH\Models\studentmodel.php on line 33.
 1 APPPATH\Controllers\student.php(24): App\Models\StudentModel->getStudentGrades(null)
 2 SYSTEMPATH\CodeIgniter.php(941): App\Controllers\Student->getStudentGrades()
 3 SYSTEMPATH\CodeIgniter.php(502): CodeIgniter\CodeIgniter->runController(Object(App\Controllers\Student))
 4 SYSTEMPATH\CodeIgniter.php(361): CodeIgniter\CodeIgniter->handleRequest(null, Object(Config\Cache), false)
 5 FCPATH\index.php(79): CodeIgniter\CodeIgniter->run()
 6 SYSTEMPATH\Commands\Server\rewrite.php(47): require_once('C:\\xampp\\htdocs\\ci4\\public\\index.php')
CRITICAL - 2024-02-13 02:14:22 --> Error: Call to undefined method CodeIgniter\Database\MySQLi\Connection::where()
in APPPATH\Models\studentmodel.php on line 33.
 1 APPPATH\Controllers\student.php(24): App\Models\StudentModel->getStudentGrades(null)
 2 SYSTEMPATH\CodeIgniter.php(941): App\Controllers\Student->getStudentGrades()
 3 SYSTEMPATH\CodeIgniter.php(502): CodeIgniter\CodeIgniter->runController(Object(App\Controllers\Student))
 4 SYSTEMPATH\CodeIgniter.php(361): CodeIgniter\CodeIgniter->handleRequest(null, Object(Config\Cache), false)
 5 FCPATH\index.php(79): CodeIgniter\CodeIgniter->run()
 6 SYSTEMPATH\Commands\Server\rewrite.php(47): require_once('C:\\xampp\\htdocs\\ci4\\public\\index.php')
CRITICAL - 2024-02-13 02:14:23 --> Error: Call to undefined method CodeIgniter\Database\MySQLi\Connection::where()
in APPPATH\Models\studentmodel.php on line 33.
 1 APPPATH\Controllers\student.php(24): App\Models\StudentModel->getStudentGrades(null)
 2 SYSTEMPATH\CodeIgniter.php(941): App\Controllers\Student->getStudentGrades()
 3 SYSTEMPATH\CodeIgniter.php(502): CodeIgniter\CodeIgniter->runController(Object(App\Controllers\Student))
 4 SYSTEMPATH\CodeIgniter.php(361): CodeIgniter\CodeIgniter->handleRequest(null, Object(Config\Cache), false)
 5 FCPATH\index.php(79): CodeIgniter\CodeIgniter->run()
 6 SYSTEMPATH\Commands\Server\rewrite.php(47): require_once('C:\\xampp\\htdocs\\ci4\\public\\index.php')
CRITICAL - 2024-02-13 02:14:24 --> Error: Call to undefined method CodeIgniter\Database\MySQLi\Connection::where()
in APPPATH\Models\studentmodel.php on line 33.
 1 APPPATH\Controllers\student.php(24): App\Models\StudentModel->getStudentGrades(null)
 2 SYSTEMPATH\CodeIgniter.php(941): App\Controllers\Student->getStudentGrades()
 3 SYSTEMPATH\CodeIgniter.php(502): CodeIgniter\CodeIgniter->runController(Object(App\Controllers\Student))
 4 SYSTEMPATH\CodeIgniter.php(361): CodeIgniter\CodeIgniter->handleRequest(null, Object(Config\Cache), false)
 5 FCPATH\index.php(79): CodeIgniter\CodeIgniter->run()
 6 SYSTEMPATH\Commands\Server\rewrite.php(47): require_once('C:\\xampp\\htdocs\\ci4\\public\\index.php')
CRITICAL - 2024-02-13 02:21:25 --> Error: Call to undefined method CodeIgniter\Database\MySQLi\Connection::where()
in APPPATH\Models\studentmodel.php on line 33.
 1 APPPATH\Controllers\student.php(24): App\Models\StudentModel->getStudentGrades(null)
 2 SYSTEMPATH\CodeIgniter.php(941): App\Controllers\Student->getStudentGrades()
 3 SYSTEMPATH\CodeIgniter.php(502): CodeIgniter\CodeIgniter->runController(Object(App\Controllers\Student))
 4 SYSTEMPATH\CodeIgniter.php(361): CodeIgniter\CodeIgniter->handleRequest(null, Object(Config\Cache), false)
 5 FCPATH\index.php(79): CodeIgniter\CodeIgniter->run()
 6 SYSTEMPATH\Commands\Server\rewrite.php(47): require_once('C:\\xampp\\htdocs\\ci4\\public\\index.php')
CRITICAL - 2024-02-13 02:22:37 --> Error: Call to undefined method CodeIgniter\Database\MySQLi\Connection::where()
in APPPATH\Models\studentmodel.php on line 33.
 1 APPPATH\Controllers\student.php(24): App\Models\StudentModel->getStudentGrades(null)
 2 SYSTEMPATH\CodeIgniter.php(941): App\Controllers\Student->getStudentGrades()
 3 SYSTEMPATH\CodeIgniter.php(502): CodeIgniter\CodeIgniter->runController(Object(App\Controllers\Student))
 4 SYSTEMPATH\CodeIgniter.php(361): CodeIgniter\CodeIgniter->handleRequest(null, Object(Config\Cache), false)
 5 FCPATH\index.php(79): CodeIgniter\CodeIgniter->run()
 6 SYSTEMPATH\Commands\Server\rewrite.php(47): require_once('C:\\xampp\\htdocs\\ci4\\public\\index.php')
CRITICAL - 2024-02-13 02:26:43 --> Error: Call to undefined method CodeIgniter\Database\MySQLi\Connection::where()
in APPPATH\Models\studentmodel.php on line 33.
 1 APPPATH\Controllers\student.php(24): App\Models\StudentModel->getStudentGrades(null)
 2 SYSTEMPATH\CodeIgniter.php(941): App\Controllers\Student->getStudentGrades()
 3 SYSTEMPATH\CodeIgniter.php(502): CodeIgniter\CodeIgniter->runController(Object(App\Controllers\Student))
 4 SYSTEMPATH\CodeIgniter.php(361): CodeIgniter\CodeIgniter->handleRequest(null, Object(Config\Cache), false)
 5 FCPATH\index.php(79): CodeIgniter\CodeIgniter->run()
 6 SYSTEMPATH\Commands\Server\rewrite.php(47): require_once('C:\\xampp\\htdocs\\ci4\\public\\index.php')
CRITICAL - 2024-02-13 02:36:23 --> Error: Call to undefined method CodeIgniter\Database\MySQLi\Connection::where()
in APPPATH\Models\studentmodel.php on line 33.
 1 APPPATH\Controllers\student.php(24): App\Models\StudentModel->getStudentGrades(null)
 2 SYSTEMPATH\CodeIgniter.php(941): App\Controllers\Student->getStudentGrades()
 3 SYSTEMPATH\CodeIgniter.php(502): CodeIgniter\CodeIgniter->runController(Object(App\Controllers\Student))
 4 SYSTEMPATH\CodeIgniter.php(361): CodeIgniter\CodeIgniter->handleRequest(null, Object(Config\Cache), false)
 5 FCPATH\index.php(79): CodeIgniter\CodeIgniter->run()
 6 SYSTEMPATH\Commands\Server\rewrite.php(47): require_once('C:\\xampp\\htdocs\\ci4\\public\\index.php')
CRITICAL - 2024-02-13 02:36:23 --> Error: Call to undefined method CodeIgniter\Database\MySQLi\Connection::where()
in APPPATH\Models\studentmodel.php on line 33.
 1 APPPATH\Controllers\student.php(24): App\Models\StudentModel->getStudentGrades(null)
 2 SYSTEMPATH\CodeIgniter.php(941): App\Controllers\Student->getStudentGrades()
 3 SYSTEMPATH\CodeIgniter.php(502): CodeIgniter\CodeIgniter->runController(Object(App\Controllers\Student))
 4 SYSTEMPATH\CodeIgniter.php(361): CodeIgniter\CodeIgniter->handleRequest(null, Object(Config\Cache), false)
 5 FCPATH\index.php(79): CodeIgniter\CodeIgniter->run()
 6 SYSTEMPATH\Commands\Server\rewrite.php(47): require_once('C:\\xampp\\htdocs\\ci4\\public\\index.php')
CRITICAL - 2024-02-13 02:36:24 --> Error: Call to undefined method CodeIgniter\Database\MySQLi\Connection::where()
in APPPATH\Models\studentmodel.php on line 33.
 1 APPPATH\Controllers\student.php(24): App\Models\StudentModel->getStudentGrades(null)
 2 SYSTEMPATH\CodeIgniter.php(941): App\Controllers\Student->getStudentGrades()
 3 SYSTEMPATH\CodeIgniter.php(502): CodeIgniter\CodeIgniter->runController(Object(App\Controllers\Student))
 4 SYSTEMPATH\CodeIgniter.php(361): CodeIgniter\CodeIgniter->handleRequest(null, Object(Config\Cache), false)
 5 FCPATH\index.php(79): CodeIgniter\CodeIgniter->run()
 6 SYSTEMPATH\Commands\Server\rewrite.php(47): require_once('C:\\xampp\\htdocs\\ci4\\public\\index.php')
CRITICAL - 2024-02-13 02:36:24 --> Error: Call to undefined method CodeIgniter\Database\MySQLi\Connection::where()
in APPPATH\Models\studentmodel.php on line 33.
 1 APPPATH\Controllers\student.php(24): App\Models\StudentModel->getStudentGrades(null)
 2 SYSTEMPATH\CodeIgniter.php(941): App\Controllers\Student->getStudentGrades()
 3 SYSTEMPATH\CodeIgniter.php(502): CodeIgniter\CodeIgniter->runController(Object(App\Controllers\Student))
 4 SYSTEMPATH\CodeIgniter.php(361): CodeIgniter\CodeIgniter->handleRequest(null, Object(Config\Cache), false)
 5 FCPATH\index.php(79): CodeIgniter\CodeIgniter->run()
 6 SYSTEMPATH\Commands\Server\rewrite.php(47): require_once('C:\\xampp\\htdocs\\ci4\\public\\index.php')
CRITICAL - 2024-02-13 02:36:24 --> Error: Call to undefined method CodeIgniter\Database\MySQLi\Connection::where()
in APPPATH\Models\studentmodel.php on line 33.
 1 APPPATH\Controllers\student.php(24): App\Models\StudentModel->getStudentGrades(null)
 2 SYSTEMPATH\CodeIgniter.php(941): App\Controllers\Student->getStudentGrades()
 3 SYSTEMPATH\CodeIgniter.php(502): CodeIgniter\CodeIgniter->runController(Object(App\Controllers\Student))
 4 SYSTEMPATH\CodeIgniter.php(361): CodeIgniter\CodeIgniter->handleRequest(null, Object(Config\Cache), false)
 5 FCPATH\index.php(79): CodeIgniter\CodeIgniter->run()
 6 SYSTEMPATH\Commands\Server\rewrite.php(47): require_once('C:\\xampp\\htdocs\\ci4\\public\\index.php')
CRITICAL - 2024-02-13 02:36:24 --> Error: Call to undefined method CodeIgniter\Database\MySQLi\Connection::where()
in APPPATH\Models\studentmodel.php on line 33.
 1 APPPATH\Controllers\student.php(24): App\Models\StudentModel->getStudentGrades(null)
 2 SYSTEMPATH\CodeIgniter.php(941): App\Controllers\Student->getStudentGrades()
 3 SYSTEMPATH\CodeIgniter.php(502): CodeIgniter\CodeIgniter->runController(Object(App\Controllers\Student))
 4 SYSTEMPATH\CodeIgniter.php(361): CodeIgniter\CodeIgniter->handleRequest(null, Object(Config\Cache), false)
 5 FCPATH\index.php(79): CodeIgniter\CodeIgniter->run()
 6 SYSTEMPATH\Commands\Server\rewrite.php(47): require_once('C:\\xampp\\htdocs\\ci4\\public\\index.php')
CRITICAL - 2024-02-13 02:36:30 --> Error: Call to undefined method CodeIgniter\Database\MySQLi\Connection::where()
in APPPATH\Models\studentmodel.php on line 33.
 1 APPPATH\Controllers\student.php(24): App\Models\StudentModel->getStudentGrades(null)
 2 SYSTEMPATH\CodeIgniter.php(941): App\Controllers\Student->getStudentGrades()
 3 SYSTEMPATH\CodeIgniter.php(502): CodeIgniter\CodeIgniter->runController(Object(App\Controllers\Student))
 4 SYSTEMPATH\CodeIgniter.php(361): CodeIgniter\CodeIgniter->handleRequest(null, Object(Config\Cache), false)
 5 FCPATH\index.php(79): CodeIgniter\CodeIgniter->run()
 6 SYSTEMPATH\Commands\Server\rewrite.php(47): require_once('C:\\xampp\\htdocs\\ci4\\public\\index.php')
CRITICAL - 2024-02-13 02:38:43 --> Error: Call to undefined method CodeIgniter\Database\MySQLi\Connection::where()
in APPPATH\Models\studentmodel.php on line 33.
 1 APPPATH\Controllers\student.php(24): App\Models\StudentModel->getStudentGrades(null)
 2 SYSTEMPATH\CodeIgniter.php(941): App\Controllers\Student->getStudentGrades()
 3 SYSTEMPATH\CodeIgniter.php(502): CodeIgniter\CodeIgniter->runController(Object(App\Controllers\Student))
 4 SYSTEMPATH\CodeIgniter.php(361): CodeIgniter\CodeIgniter->handleRequest(null, Object(Config\Cache), false)
 5 FCPATH\index.php(79): CodeIgniter\CodeIgniter->run()
 6 SYSTEMPATH\Commands\Server\rewrite.php(47): require_once('C:\\xampp\\htdocs\\ci4\\public\\index.php')
CRITICAL - 2024-02-13 02:38:43 --> Error: Call to undefined method CodeIgniter\Database\MySQLi\Connection::where()
in APPPATH\Models\studentmodel.php on line 33.
 1 APPPATH\Controllers\student.php(24): App\Models\StudentModel->getStudentGrades(null)
 2 SYSTEMPATH\CodeIgniter.php(941): App\Controllers\Student->getStudentGrades()
 3 SYSTEMPATH\CodeIgniter.php(502): CodeIgniter\CodeIgniter->runController(Object(App\Controllers\Student))
 4 SYSTEMPATH\CodeIgniter.php(361): CodeIgniter\CodeIgniter->handleRequest(null, Object(Config\Cache), false)
 5 FCPATH\index.php(79): CodeIgniter\CodeIgniter->run()
 6 SYSTEMPATH\Commands\Server\rewrite.php(47): require_once('C:\\xampp\\htdocs\\ci4\\public\\index.php')
CRITICAL - 2024-02-13 02:38:45 --> Error: Call to undefined method CodeIgniter\Database\MySQLi\Connection::where()
in APPPATH\Models\studentmodel.php on line 33.
 1 APPPATH\Controllers\student.php(24): App\Models\StudentModel->getStudentGrades(null)
 2 SYSTEMPATH\CodeIgniter.php(941): App\Controllers\Student->getStudentGrades()
 3 SYSTEMPATH\CodeIgniter.php(502): CodeIgniter\CodeIgniter->runController(Object(App\Controllers\Student))
 4 SYSTEMPATH\CodeIgniter.php(361): CodeIgniter\CodeIgniter->handleRequest(null, Object(Config\Cache), false)
 5 FCPATH\index.php(79): CodeIgniter\CodeIgniter->run()
 6 SYSTEMPATH\Commands\Server\rewrite.php(47): require_once('C:\\xampp\\htdocs\\ci4\\public\\index.php')
CRITICAL - 2024-02-13 02:38:46 --> Error: Call to undefined method CodeIgniter\Database\MySQLi\Connection::where()
in APPPATH\Models\studentmodel.php on line 33.
 1 APPPATH\Controllers\student.php(24): App\Models\StudentModel->getStudentGrades(null)
 2 SYSTEMPATH\CodeIgniter.php(941): App\Controllers\Student->getStudentGrades()
 3 SYSTEMPATH\CodeIgniter.php(502): CodeIgniter\CodeIgniter->runController(Object(App\Controllers\Student))
 4 SYSTEMPATH\CodeIgniter.php(361): CodeIgniter\CodeIgniter->handleRequest(null, Object(Config\Cache), false)
 5 FCPATH\index.php(79): CodeIgniter\CodeIgniter->run()
 6 SYSTEMPATH\Commands\Server\rewrite.php(47): require_once('C:\\xampp\\htdocs\\ci4\\public\\index.php')
CRITICAL - 2024-02-13 02:48:26 --> Error: Call to undefined method CodeIgniter\Database\MySQLi\Connection::where()
in APPPATH\Models\studentmodel.php on line 33.
 1 APPPATH\Controllers\student.php(24): App\Models\StudentModel->getStudentGrades(null)
 2 SYSTEMPATH\CodeIgniter.php(941): App\Controllers\Student->getStudentGrades()
 3 SYSTEMPATH\CodeIgniter.php(502): CodeIgniter\CodeIgniter->runController(Object(App\Controllers\Student))
 4 SYSTEMPATH\CodeIgniter.php(361): CodeIgniter\CodeIgniter->handleRequest(null, Object(Config\Cache), false)
 5 FCPATH\index.php(79): CodeIgniter\CodeIgniter->run()
 6 SYSTEMPATH\Commands\Server\rewrite.php(47): require_once('C:\\xampp\\htdocs\\ci4\\public\\index.php')
